<?xml version="1.0" encoding="UTF-8"?>
<testng-results skipped="1" failed="0" total="1" passed="0">
  <reporter-output>
  </reporter-output>
  <suite name="Default suite" duration-ms="7285" started-at="2015-10-20T19:57:35Z" finished-at="2015-10-20T19:57:42Z">
    <groups>
    </groups>
    <test name="Default test" duration-ms="7285" started-at="2015-10-20T19:57:35Z" finished-at="2015-10-20T19:57:42Z">
      <class name="Tests.AlertPageTest">
        <test-method status="PASS" signature="setUpAppium()[pri:0, instance:Tests.AlertPageTest@1a407d53]" name="setUpAppium" is-config="true" duration-ms="24390" started-at="2015-10-20T15:57:11Z" finished-at="2015-10-20T15:57:35Z">
          <reporter-output>
          </reporter-output>
        </test-method> <!-- setUpAppium -->
        <test-method status="PASS" signature="setUpPage()[pri:0, instance:Tests.AlertPageTest@1a407d53]" name="setUpPage" is-config="true" duration-ms="964" started-at="2015-10-20T15:57:35Z" finished-at="2015-10-20T15:57:36Z">
          <reporter-output>
          </reporter-output>
        </test-method> <!-- setUpPage -->
        <test-method status="FAIL" signature="navigateTo()[pri:0, instance:Tests.AlertPageTest@1a407d53]" name="navigateTo" is-config="true" duration-ms="0" started-at="2015-10-20T15:57:36Z" finished-at="2015-10-20T15:57:36Z">
          <exception class="org.openqa.selenium.NoSuchElementException">
            <message>
              <![CDATA[Can't locate an element by this strategy: Locator map: 
- native content: "By.AndroidUIAutomator: new UiSelector().description("ReferenceApp")" 
- html content: "by id or name "toggle""
For documentation on this error, please visit: http://seleniumhq.org/exceptions/no_such_element.html
Build info: version: '2.46.0', revision: '61506a4624b13675f24581e453592342b7485d71', time: '2015-06-04 10:22:50'
System info: host: 'LGA-1850012673', ip: '10.84.250.11', os.name: 'Windows 7', os.arch: 'amd64', os.version: '6.1', java.version: '1.8.0_60'
Driver info: driver.version: unknown]]>
            </message>
            <full-stacktrace>
              <![CDATA[org.openqa.selenium.NoSuchElementException: Can't locate an element by this strategy: Locator map: 
- native content: "By.AndroidUIAutomator: new UiSelector().description("ReferenceApp")" 
- html content: "by id or name "toggle""
For documentation on this error, please visit: http://seleniumhq.org/exceptions/no_such_element.html
Build info: version: '2.46.0', revision: '61506a4624b13675f24581e453592342b7485d71', time: '2015-06-04 10:22:50'
System info: host: 'LGA-1850012673', ip: '10.84.250.11', os.name: 'Windows 7', os.arch: 'amd64', os.version: '6.1', java.version: '1.8.0_60'
Driver info: driver.version: unknown
	at io.appium.java_client.pagefactory.AppiumElementLocator.findElement(AppiumElementLocator.java:169)
	at io.appium.java_client.pagefactory.ElementInterceptor.intercept(ElementInterceptor.java:30)
	at io.appium.java_client.android.AndroidElement$$EnhancerByCGLIB$$6c6ff3c2.click(<generated>)
	at Pages.NavigationPage.gotoCategory(NavigationPage.java:48)
	at Tests.AbstractBaseTests.TestBase.navigateTo(TestBase.java:103)
	at sun.reflect.NativeMethodAccessorImpl.invoke0(Native Method)
	at sun.reflect.NativeMethodAccessorImpl.invoke(Unknown Source)
	at sun.reflect.DelegatingMethodAccessorImpl.invoke(Unknown Source)
	at java.lang.reflect.Method.invoke(Unknown Source)
	at org.testng.internal.MethodInvocationHelper.invokeMethod(MethodInvocationHelper.java:84)
	at org.testng.internal.Invoker.invokeConfigurationMethod(Invoker.java:564)
	at org.testng.internal.Invoker.invokeConfigurations(Invoker.java:213)
	at org.testng.internal.Invoker.invokeConfigurations(Invoker.java:138)
	at org.testng.internal.TestMethodWorker.invokeBeforeClassMethods(TestMethodWorker.java:175)
	at org.testng.internal.TestMethodWorker.run(TestMethodWorker.java:107)
	at org.testng.TestRunner.privateRun(TestRunner.java:767)
	at org.testng.TestRunner.run(TestRunner.java:617)
	at org.testng.SuiteRunner.runTest(SuiteRunner.java:348)
	at org.testng.SuiteRunner.runSequentially(SuiteRunner.java:343)
	at org.testng.SuiteRunner.privateRun(SuiteRunner.java:305)
	at org.testng.SuiteRunner.run(SuiteRunner.java:254)
	at org.testng.SuiteRunnerWorker.runSuite(SuiteRunnerWorker.java:52)
	at org.testng.SuiteRunnerWorker.run(SuiteRunnerWorker.java:86)
	at org.testng.TestNG.runSuitesSequentially(TestNG.java:1224)
	at org.testng.TestNG.runSuitesLocally(TestNG.java:1149)
	at org.testng.TestNG.run(TestNG.java:1057)
	at org.testng.remote.RemoteTestNG.run(RemoteTestNG.java:111)
	at org.testng.remote.RemoteTestNG.initAndRun(RemoteTestNG.java:204)
	at org.testng.remote.RemoteTestNG.main(RemoteTestNG.java:175)
]]>
            </full-stacktrace>
          </exception> <!-- org.openqa.selenium.NoSuchElementException -->
          <reporter-output>
          </reporter-output>
        </test-method> <!-- navigateTo -->
        <test-method status="SKIP" signature="testAlertMessage()[pri:0, instance:Tests.AlertPageTest@1a407d53]" name="testAlertMessage" duration-ms="1" started-at="2015-10-20T15:57:42Z" finished-at="2015-10-20T15:57:42Z">
          <reporter-output>
          </reporter-output>
        </test-method> <!-- testAlertMessage -->
        <test-method status="SKIP" signature="restartApp()[pri:0, instance:Tests.AlertPageTest@1a407d53]" name="restartApp" is-config="true" duration-ms="0" started-at="2015-10-20T15:57:42Z" finished-at="2015-10-20T15:57:42Z">
          <reporter-output>
          </reporter-output>
        </test-method> <!-- restartApp -->
        <test-method status="SKIP" signature="tearDownAppium()[pri:0, instance:Tests.AlertPageTest@1a407d53]" name="tearDownAppium" is-config="true" duration-ms="0" started-at="2015-10-20T15:57:43Z" finished-at="2015-10-20T15:57:43Z">
          <reporter-output>
          </reporter-output>
        </test-method> <!-- tearDownAppium -->
      </class> <!-- Tests.AlertPageTest -->
    </test> <!-- Default test -->
  </suite> <!-- Default suite -->
</testng-results>
