<?xml version="1.0" encoding="UTF-8"?>
<testng-results skipped="0" failed="0" total="1" passed="1">
  <reporter-output>
  </reporter-output>
  <suite name="Default suite" duration-ms="21554" started-at="2015-10-19T00:30:06Z" finished-at="2015-10-19T00:30:28Z">
    <groups>
    </groups>
    <test name="Default test" duration-ms="21554" started-at="2015-10-19T00:30:06Z" finished-at="2015-10-19T00:30:28Z">
      <class name="Tests.WebViewTest">
        <test-method status="PASS" signature="setUpAppium()[pri:0, instance:Tests.WebViewTest@1a407d53]" name="setUpAppium" is-config="true" duration-ms="935" started-at="2015-10-18T20:30:05Z" finished-at="2015-10-18T20:30:06Z">
          <reporter-output>
          </reporter-output>
        </test-method> <!-- setUpAppium -->
        <test-method status="PASS" signature="setUpPage()[pri:0, instance:Tests.WebViewTest@1a407d53]" name="setUpPage" is-config="true" duration-ms="246" started-at="2015-10-18T20:30:06Z" finished-at="2015-10-18T20:30:06Z">
          <reporter-output>
          </reporter-output>
        </test-method> <!-- setUpPage -->
        <test-method status="PASS" signature="navigateTo()[pri:0, instance:Tests.WebViewTest@1a407d53]" name="navigateTo" is-config="true" duration-ms="3082" started-at="2015-10-18T20:30:07Z" finished-at="2015-10-18T20:30:10Z">
          <reporter-output>
          </reporter-output>
        </test-method> <!-- navigateTo -->
        <test-method status="PASS" signature="testWebView()[pri:0, instance:Tests.WebViewTest@1a407d53]" name="testWebView" duration-ms="15221" started-at="2015-10-18T20:30:10Z" finished-at="2015-10-18T20:30:25Z">
          <reporter-output>
          </reporter-output>
        </test-method> <!-- testWebView -->
        <test-method status="PASS" signature="restartApp()[pri:0, instance:Tests.WebViewTest@1a407d53]" name="restartApp" is-config="true" duration-ms="2990" started-at="2015-10-18T20:30:25Z" finished-at="2015-10-18T20:30:28Z">
          <reporter-output>
          </reporter-output>
        </test-method> <!-- restartApp -->
        <test-method status="PASS" signature="tearDownAppium()[pri:0, instance:Tests.WebViewTest@1a407d53]" name="tearDownAppium" is-config="true" duration-ms="850" started-at="2015-10-18T20:30:28Z" finished-at="2015-10-18T20:30:29Z">
          <reporter-output>
          </reporter-output>
        </test-method> <!-- tearDownAppium -->
      </class> <!-- Tests.WebViewTest -->
    </test> <!-- Default test -->
  </suite> <!-- Default suite -->
</testng-results>
