<?xml version="1.0" encoding="UTF-8"?>
<testng-results skipped="0" failed="0" total="2" passed="2">
  <reporter-output>
  </reporter-output>
  <suite name="Default suite" duration-ms="43773" started-at="2015-12-01T16:47:05Z" finished-at="2015-12-01T16:47:49Z">
    <groups>
    </groups>
    <test name="Default test" duration-ms="43773" started-at="2015-12-01T16:47:05Z" finished-at="2015-12-01T16:47:49Z">
      <class name="Tests.LoginTest">
        <test-method status="PASS" signature="setUpAppium()[pri:0, instance:Tests.LoginTest@21bcffb5]" name="setUpAppium" is-config="true" duration-ms="17640" started-at="2015-12-01T11:46:47Z" finished-at="2015-12-01T11:47:05Z">
          <reporter-output>
          </reporter-output>
        </test-method> <!-- setUpAppium -->
        <test-method status="PASS" signature="setUpPage()[pri:0, instance:Tests.LoginTest@21bcffb5]" name="setUpPage" is-config="true" duration-ms="179" started-at="2015-12-01T11:47:05Z" finished-at="2015-12-01T11:47:05Z">
          <reporter-output>
          </reporter-output>
        </test-method> <!-- setUpPage -->
        <test-method status="PASS" signature="navigateTo()[pri:0, instance:Tests.LoginTest@21bcffb5]" name="navigateTo" is-config="true" duration-ms="2826" started-at="2015-12-01T11:47:05Z" finished-at="2015-12-01T11:47:08Z">
          <reporter-output>
          </reporter-output>
        </test-method> <!-- navigateTo -->
        <test-method status="PASS" signature="loginFail()[pri:0, instance:Tests.LoginTest@21bcffb5]" name="loginFail" duration-ms="17167" started-at="2015-12-01T11:47:08Z" finished-at="2015-12-01T11:47:25Z">
          <reporter-output>
          </reporter-output>
        </test-method> <!-- loginFail -->
        <test-method status="PASS" signature="logOut()[pri:0, instance:Tests.LoginTest@21bcffb5]" name="logOut" is-config="true" duration-ms="3002" started-at="2015-12-01T11:47:25Z" finished-at="2015-12-01T11:47:28Z">
          <reporter-output>
          </reporter-output>
        </test-method> <!-- logOut -->
        <test-method status="PASS" signature="loginSuccessFully()[pri:0, instance:Tests.LoginTest@21bcffb5]" name="loginSuccessFully" duration-ms="14298" started-at="2015-12-01T11:47:28Z" finished-at="2015-12-01T11:47:42Z">
          <reporter-output>
          </reporter-output>
        </test-method> <!-- loginSuccessFully -->
        <test-method status="PASS" signature="logOut()[pri:0, instance:Tests.LoginTest@21bcffb5]" name="logOut" is-config="true" duration-ms="3310" started-at="2015-12-01T11:47:42Z" finished-at="2015-12-01T11:47:46Z">
          <reporter-output>
          </reporter-output>
        </test-method> <!-- logOut -->
        <test-method status="PASS" signature="restartApp()[pri:0, instance:Tests.LoginTest@21bcffb5]" name="restartApp" is-config="true" duration-ms="2971" started-at="2015-12-01T11:47:46Z" finished-at="2015-12-01T11:47:49Z">
          <reporter-output>
          </reporter-output>
        </test-method> <!-- restartApp -->
        <test-method status="PASS" signature="tearDownAppium()[pri:0, instance:Tests.LoginTest@21bcffb5]" name="tearDownAppium" is-config="true" duration-ms="876" started-at="2015-12-01T11:47:49Z" finished-at="2015-12-01T11:47:50Z">
          <reporter-output>
          </reporter-output>
        </test-method> <!-- tearDownAppium -->
      </class> <!-- Tests.LoginTest -->
    </test> <!-- Default test -->
  </suite> <!-- Default suite -->
</testng-results>
