<?xml version="1.0" encoding="UTF-8"?>
<testng-results skipped="0" failed="0" total="1" passed="1">
  <reporter-output>
  </reporter-output>
  <suite name="Default suite" duration-ms="22129" started-at="2015-10-20T13:18:21Z" finished-at="2015-10-20T13:18:43Z">
    <groups>
    </groups>
    <test name="Default test" duration-ms="22129" started-at="2015-10-20T13:18:21Z" finished-at="2015-10-20T13:18:43Z">
      <class name="Tests.WebViewTest">
        <test-method status="PASS" signature="setUpAppium()[pri:0, instance:Tests.WebViewTest@1a407d53]" name="setUpAppium" is-config="true" duration-ms="12892" started-at="2015-10-20T09:18:08Z" finished-at="2015-10-20T09:18:21Z">
          <reporter-output>
          </reporter-output>
        </test-method> <!-- setUpAppium -->
        <test-method status="PASS" signature="setUpPage()[pri:0, instance:Tests.WebViewTest@1a407d53]" name="setUpPage" is-config="true" duration-ms="325" started-at="2015-10-20T09:18:21Z" finished-at="2015-10-20T09:18:21Z">
          <reporter-output>
          </reporter-output>
        </test-method> <!-- setUpPage -->
        <test-method status="PASS" signature="navigateTo()[pri:0, instance:Tests.WebViewTest@1a407d53]" name="navigateTo" is-config="true" duration-ms="3322" started-at="2015-10-20T09:18:21Z" finished-at="2015-10-20T09:18:25Z">
          <reporter-output>
          </reporter-output>
        </test-method> <!-- navigateTo -->
        <test-method status="PASS" signature="testWebView()[pri:0, instance:Tests.WebViewTest@1a407d53]" name="testWebView" duration-ms="15577" started-at="2015-10-20T09:18:25Z" finished-at="2015-10-20T09:18:40Z">
          <reporter-output>
          </reporter-output>
        </test-method> <!-- testWebView -->
        <test-method status="PASS" signature="restartApp()[pri:0, instance:Tests.WebViewTest@1a407d53]" name="restartApp" is-config="true" duration-ms="2819" started-at="2015-10-20T09:18:40Z" finished-at="2015-10-20T09:18:43Z">
          <reporter-output>
          </reporter-output>
        </test-method> <!-- restartApp -->
        <test-method status="PASS" signature="tearDownAppium()[pri:0, instance:Tests.WebViewTest@1a407d53]" name="tearDownAppium" is-config="true" duration-ms="789" started-at="2015-10-20T09:18:43Z" finished-at="2015-10-20T09:18:44Z">
          <reporter-output>
          </reporter-output>
        </test-method> <!-- tearDownAppium -->
      </class> <!-- Tests.WebViewTest -->
    </test> <!-- Default test -->
  </suite> <!-- Default suite -->
</testng-results>
