<?xml version="1.0" encoding="UTF-8"?>
<testng-results skipped="0" failed="0" total="1" passed="1">
  <reporter-output>
  </reporter-output>
  <suite name="Default suite" duration-ms="20470" started-at="2015-10-27T18:03:18Z" finished-at="2015-10-27T18:03:38Z">
    <groups>
    </groups>
    <test name="Default test" duration-ms="20470" started-at="2015-10-27T18:03:18Z" finished-at="2015-10-27T18:03:38Z">
      <class name="Tests.WebViewTest">
        <test-method status="PASS" signature="setUpAppium()[pri:0, instance:Tests.WebViewTest@1a407d53]" name="setUpAppium" is-config="true" duration-ms="11330" started-at="2015-10-27T14:03:07Z" finished-at="2015-10-27T14:03:18Z">
          <reporter-output>
          </reporter-output>
        </test-method> <!-- setUpAppium -->
        <test-method status="PASS" signature="setUpPage()[pri:0, instance:Tests.WebViewTest@1a407d53]" name="setUpPage" is-config="true" duration-ms="149" started-at="2015-10-27T14:03:18Z" finished-at="2015-10-27T14:03:18Z">
          <reporter-output>
          </reporter-output>
        </test-method> <!-- setUpPage -->
        <test-method status="PASS" signature="navigateTo()[pri:0, instance:Tests.WebViewTest@1a407d53]" name="navigateTo" is-config="true" duration-ms="3413" started-at="2015-10-27T14:03:18Z" finished-at="2015-10-27T14:03:21Z">
          <reporter-output>
          </reporter-output>
        </test-method> <!-- navigateTo -->
        <test-method status="PASS" signature="testWebView()[pri:0, instance:Tests.WebViewTest@1a407d53]" name="testWebView" duration-ms="13969" started-at="2015-10-27T14:03:21Z" finished-at="2015-10-27T14:03:35Z">
          <reporter-output>
          </reporter-output>
        </test-method> <!-- testWebView -->
        <test-method status="PASS" signature="restartApp()[pri:0, instance:Tests.WebViewTest@1a407d53]" name="restartApp" is-config="true" duration-ms="2924" started-at="2015-10-27T14:03:35Z" finished-at="2015-10-27T14:03:38Z">
          <reporter-output>
          </reporter-output>
        </test-method> <!-- restartApp -->
        <test-method status="PASS" signature="tearDownAppium()[pri:0, instance:Tests.WebViewTest@1a407d53]" name="tearDownAppium" is-config="true" duration-ms="843" started-at="2015-10-27T14:03:38Z" finished-at="2015-10-27T14:03:39Z">
          <reporter-output>
          </reporter-output>
        </test-method> <!-- tearDownAppium -->
      </class> <!-- Tests.WebViewTest -->
    </test> <!-- Default test -->
  </suite> <!-- Default suite -->
</testng-results>
